<?xml version="1.0" encoding="UTF-8"?>
<testng-results ignored="0" total="1" passed="0" failed="0" skipped="1">
  <reporter-output>
  </reporter-output>
  <suite started-at="2023-02-01T20:14:13 SGT" name="Default suite" finished-at="2023-02-01T20:14:23 SGT" duration-ms="10053">
    <groups>
    </groups>
    <test started-at="2023-02-01T20:14:13 SGT" name="Default test" finished-at="2023-02-01T20:14:23 SGT" duration-ms="10053">
      <class name="AppiumProject.Selenium.AppTest2">
        <test-method is-config="true" signature="setUp()[pri:0, instance:AppiumProject.Selenium.AppTest2@7671cb68]" started-at="2023-02-01T20:14:13 SGT" name="setUp" finished-at="2023-02-01T20:14:23 SGT" duration-ms="9878" status="FAIL">
          <exception class="org.openqa.selenium.SessionNotCreatedException">
            <message>
              <![CDATA[Unable to create a new remote session. Please check the server log for more details. Original error: An unknown server-side error occurred while processing the command. Original error: Could not proxy command to the remote server. Original error: socket hang up
Build info: version: '3.141.0', revision: '2ecb7d9a', time: '2018-10-31T20:09:30'
System info: host: 'Prakhars-MacBook-Air.local', ip: '2406:3003:2004:28ef:5c2d:1d2f:a7f3:cdb6%en0', os.name: 'Mac OS X', os.arch: 'x86_64', os.version: '12.3', java.version: '17.0.3'
Driver info: driver.version: AndroidDriver
remote stacktrace: UnknownError: An unknown server-side error occurred while processing the command. Original error: Could not proxy command to the remote server. Original error: socket hang up
    at UIA2Proxy.command (/Applications/Appium Server GUI copy.app/Contents/Resources/app/node_modules/appium/node_modules/appium-base-driver/lib/jsonwp-proxy/proxy.js:274:13)
    at runMicrotasks (<anonymous>)
    at processTicksAndRejections (internal/process/task_queues.js:97:5)
    at AndroidUiautomator2Driver.commands.getDevicePixelRatio (/Applications/Appium Server GUI copy.app/Contents/Resources/app/node_modules/appium/node_modules/appium-uiautomator2-driver/lib/commands/viewport.js:14:10)
    at AndroidUiautomator2Driver.fillDeviceDetails (/Applications/Appium Server GUI copy.app/Contents/Resources/app/node_modules/appium/node_modules/appium-uiautomator2-driver/lib/driver.js:244:28)
    at AndroidUiautomator2Driver.createSession (/Applications/Appium Server GUI copy.app/Contents/Resources/app/node_modules/appium/node_modules/appium-uiautomator2-driver/lib/driver.js:230:7)
    at AppiumDriver.createSession (/Applications/Appium Server GUI copy.app/Contents/Resources/app/node_modules/appium/lib/appium.js:387:35)
Build info: version: '3.141.0', revision: '2ecb7d9a', time: '2018-10-31T20:09:30'
System info: host: 'Prakhars-MacBook-Air.local', ip: '2406:3003:2004:28ef:5c2d:1d2f:a7f3:cdb6%en0', os.name: 'Mac OS X', os.arch: 'x86_64', os.version: '12.3', java.version: '17.0.3'
Driver info: driver.version: AndroidDriver]]>
            </message>
            <full-stacktrace>
              <![CDATA[org.openqa.selenium.SessionNotCreatedException: Unable to create a new remote session. Please check the server log for more details. Original error: An unknown server-side error occurred while processing the command. Original error: Could not proxy command to the remote server. Original error: socket hang up
Build info: version: '3.141.0', revision: '2ecb7d9a', time: '2018-10-31T20:09:30'
System info: host: 'Prakhars-MacBook-Air.local', ip: '2406:3003:2004:28ef:5c2d:1d2f:a7f3:cdb6%en0', os.name: 'Mac OS X', os.arch: 'x86_64', os.version: '12.3', java.version: '17.0.3'
Driver info: driver.version: AndroidDriver
remote stacktrace: UnknownError: An unknown server-side error occurred while processing the command. Original error: Could not proxy command to the remote server. Original error: socket hang up
    at UIA2Proxy.command (/Applications/Appium Server GUI copy.app/Contents/Resources/app/node_modules/appium/node_modules/appium-base-driver/lib/jsonwp-proxy/proxy.js:274:13)
    at runMicrotasks (<anonymous>)
    at processTicksAndRejections (internal/process/task_queues.js:97:5)
    at AndroidUiautomator2Driver.commands.getDevicePixelRatio (/Applications/Appium Server GUI copy.app/Contents/Resources/app/node_modules/appium/node_modules/appium-uiautomator2-driver/lib/commands/viewport.js:14:10)
    at AndroidUiautomator2Driver.fillDeviceDetails (/Applications/Appium Server GUI copy.app/Contents/Resources/app/node_modules/appium/node_modules/appium-uiautomator2-driver/lib/driver.js:244:28)
    at AndroidUiautomator2Driver.createSession (/Applications/Appium Server GUI copy.app/Contents/Resources/app/node_modules/appium/node_modules/appium-uiautomator2-driver/lib/driver.js:230:7)
    at AppiumDriver.createSession (/Applications/Appium Server GUI copy.app/Contents/Resources/app/node_modules/appium/lib/appium.js:387:35)
Build info: version: '3.141.0', revision: '2ecb7d9a', time: '2018-10-31T20:09:30'
System info: host: 'Prakhars-MacBook-Air.local', ip: '2406:3003:2004:28ef:5c2d:1d2f:a7f3:cdb6%en0', os.name: 'Mac OS X', os.arch: 'x86_64', os.version: '12.3', java.version: '17.0.3'
Driver info: driver.version: AndroidDriver
at io.appium.java_client.remote.AppiumCommandExecutor$1.createSession(AppiumCommandExecutor.java:208)
at io.appium.java_client.remote.AppiumCommandExecutor.createSession(AppiumCommandExecutor.java:217)
at io.appium.java_client.remote.AppiumCommandExecutor.execute(AppiumCommandExecutor.java:239)
at org.openqa.selenium.remote.RemoteWebDriver.execute(RemoteWebDriver.java:552)
at io.appium.java_client.DefaultGenericMobileDriver.execute(DefaultGenericMobileDriver.java:41)
at io.appium.java_client.AppiumDriver.execute(AppiumDriver.java:1)
at io.appium.java_client.android.AndroidDriver.execute(AndroidDriver.java:1)
at org.openqa.selenium.remote.RemoteWebDriver.startSession(RemoteWebDriver.java:213)
at io.appium.java_client.AppiumDriver.startSession(AppiumDriver.java:336)
at org.openqa.selenium.remote.RemoteWebDriver.<init>(RemoteWebDriver.java:131)
at io.appium.java_client.DefaultGenericMobileDriver.<init>(DefaultGenericMobileDriver.java:37)
at io.appium.java_client.AppiumDriver.<init>(AppiumDriver.java:88)
at io.appium.java_client.AppiumDriver.<init>(AppiumDriver.java:98)
at io.appium.java_client.android.AndroidDriver.<init>(AndroidDriver.java:94)
at AppiumProject.Selenium.AppTest2.setUp(AppTest2.java:38)
at java.base/jdk.internal.reflect.NativeMethodAccessorImpl.invoke0(Native Method)
at java.base/jdk.internal.reflect.NativeMethodAccessorImpl.invoke(NativeMethodAccessorImpl.java:77)
at java.base/jdk.internal.reflect.DelegatingMethodAccessorImpl.invoke(DelegatingMethodAccessorImpl.java:43)
at java.base/java.lang.reflect.Method.invoke(Method.java:568)
at org.testng.internal.MethodInvocationHelper.invokeMethod(MethodInvocationHelper.java:133)
at org.testng.internal.MethodInvocationHelper.invokeMethodConsideringTimeout(MethodInvocationHelper.java:62)
at org.testng.internal.ConfigInvoker.invokeConfigurationMethod(ConfigInvoker.java:340)
at org.testng.internal.ConfigInvoker.invokeConfigurations(ConfigInvoker.java:294)
at org.testng.internal.TestMethodWorker.invokeBeforeClassMethods(TestMethodWorker.java:176)
at org.testng.internal.TestMethodWorker.run(TestMethodWorker.java:122)
at java.base/java.util.ArrayList.forEach(ArrayList.java:1511)
at org.testng.TestRunner.privateRun(TestRunner.java:770)
at org.testng.TestRunner.run(TestRunner.java:591)
at org.testng.SuiteRunner.runTest(SuiteRunner.java:402)
at org.testng.SuiteRunner.runSequentially(SuiteRunner.java:396)
at org.testng.SuiteRunner.privateRun(SuiteRunner.java:355)
at org.testng.SuiteRunner.run(SuiteRunner.java:304)
at org.testng.SuiteRunnerWorker.runSuite(SuiteRunnerWorker.java:53)
at org.testng.SuiteRunnerWorker.run(SuiteRunnerWorker.java:96)
at org.testng.TestNG.runSuitesSequentially(TestNG.java:1180)
at org.testng.TestNG.runSuitesLocally(TestNG.java:1102)
at org.testng.TestNG.runSuites(TestNG.java:1032)
at org.testng.TestNG.run(TestNG.java:1000)
at org.testng.remote.AbstractRemoteTestNG.run(AbstractRemoteTestNG.java:115)
at org.testng.remote.RemoteTestNG.initAndRun(RemoteTestNG.java:251)
at org.testng.remote.RemoteTestNG.main(RemoteTestNG.java:77)
Caused by: java.lang.reflect.InvocationTargetException
at java.base/jdk.internal.reflect.NativeMethodAccessorImpl.invoke0(Native Method)
at java.base/jdk.internal.reflect.NativeMethodAccessorImpl.invoke(NativeMethodAccessorImpl.java:77)
at java.base/jdk.internal.reflect.DelegatingMethodAccessorImpl.invoke(DelegatingMethodAccessorImpl.java:43)
at java.base/java.lang.reflect.Method.invoke(Method.java:568)
at io.appium.java_client.remote.AppiumCommandExecutor$1.createSession(AppiumCommandExecutor.java:186)
... 40 more
Caused by: org.openqa.selenium.WebDriverException: An unknown server-side error occurred while processing the command. Original error: Could not proxy command to the remote server. Original error: socket hang up
Build info: version: '3.141.0', revision: '2ecb7d9a', time: '2018-10-31T20:09:30'
System info: host: 'Prakhars-MacBook-Air.local', ip: '2406:3003:2004:28ef:5c2d:1d2f:a7f3:cdb6%en0', os.name: 'Mac OS X', os.arch: 'x86_64', os.version: '12.3', java.version: '17.0.3'
Driver info: driver.version: AndroidDriver
remote stacktrace: UnknownError: An unknown server-side error occurred while processing the command. Original error: Could not proxy command to the remote server. Original error: socket hang up
    at UIA2Proxy.command (/Applications/Appium Server GUI copy.app/Contents/Resources/app/node_modules/appium/node_modules/appium-base-driver/lib/jsonwp-proxy/proxy.js:274:13)
    at runMicrotasks (<anonymous>)
    at processTicksAndRejections (internal/process/task_queues.js:97:5)
    at AndroidUiautomator2Driver.commands.getDevicePixelRatio (/Applications/Appium Server GUI copy.app/Contents/Resources/app/node_modules/appium/node_modules/appium-uiautomator2-driver/lib/commands/viewport.js:14:10)
    at AndroidUiautomator2Driver.fillDeviceDetails (/Applications/Appium Server GUI copy.app/Contents/Resources/app/node_modules/appium/node_modules/appium-uiautomator2-driver/lib/driver.js:244:28)
    at AndroidUiautomator2Driver.createSession (/Applications/Appium Server GUI copy.app/Contents/Resources/app/node_modules/appium/node_modules/appium-uiautomator2-driver/lib/driver.js:230:7)
    at AppiumDriver.createSession (/Applications/Appium Server GUI copy.app/Contents/Resources/app/node_modules/appium/lib/appium.js:387:35)
at java.base/jdk.internal.reflect.NativeConstructorAccessorImpl.newInstance0(Native Method)
at java.base/jdk.internal.reflect.NativeConstructorAccessorImpl.newInstance(NativeConstructorAccessorImpl.java:77)
at java.base/jdk.internal.reflect.DelegatingConstructorAccessorImpl.newInstance(DelegatingConstructorAccessorImpl.java:45)
at java.base/java.lang.reflect.Constructor.newInstanceWithCaller(Constructor.java:499)
at java.base/java.lang.reflect.Constructor.newInstance(Constructor.java:480)
at org.openqa.selenium.remote.W3CHandshakeResponse.lambda$errorHandler$0(W3CHandshakeResponse.java:62)
at org.openqa.selenium.remote.HandshakeResponse.lambda$getResponseFunction$0(HandshakeResponse.java:30)
at org.openqa.selenium.remote.ProtocolHandshake.lambda$createSession$0(ProtocolHandshake.java:123)
at java.base/java.util.stream.ReferencePipeline$3$1.accept(ReferencePipeline.java:197)
at java.base/java.util.Spliterators$ArraySpliterator.tryAdvance(Spliterators.java:1002)
at java.base/java.util.stream.ReferencePipeline.forEachWithCancel(ReferencePipeline.java:129)
at java.base/java.util.stream.AbstractPipeline.copyIntoWithCancel(AbstractPipeline.java:527)
at java.base/java.util.stream.AbstractPipeline.copyInto(AbstractPipeline.java:513)
at java.base/java.util.stream.AbstractPipeline.wrapAndCopyInto(AbstractPipeline.java:499)
at java.base/java.util.stream.FindOps$FindOp.evaluateSequential(FindOps.java:150)
at java.base/java.util.stream.AbstractPipeline.evaluate(AbstractPipeline.java:234)
at java.base/java.util.stream.ReferencePipeline.findFirst(ReferencePipeline.java:647)
at org.openqa.selenium.remote.ProtocolHandshake.createSession(ProtocolHandshake.java:125)
... 45 more
]]>
            </full-stacktrace>
          </exception> <!-- org.openqa.selenium.SessionNotCreatedException -->
          <reporter-output>
          </reporter-output>
        </test-method> <!-- setUp -->
        <test-method is-config="true" signature="setUp()[pri:0, instance:AppiumProject.Selenium.AppTest2@7671cb68]" started-at="2023-02-01T20:14:23 SGT" name="setUp" finished-at="1970-01-01T07:30:00 SGT" duration-ms="-1675253663651" status="SKIP">
          <reporter-output>
          </reporter-output>
        </test-method> <!-- setUp -->
        <test-method signature="test()[pri:0, instance:AppiumProject.Selenium.AppTest2@7671cb68]" started-at="2023-02-01T20:14:23 SGT" name="test" finished-at="2023-02-01T20:14:23 SGT" duration-ms="0" status="SKIP">
          <exception class="org.openqa.selenium.SessionNotCreatedException">
            <message>
              <![CDATA[Unable to create a new remote session. Please check the server log for more details. Original error: An unknown server-side error occurred while processing the command. Original error: Could not proxy command to the remote server. Original error: socket hang up
Build info: version: '3.141.0', revision: '2ecb7d9a', time: '2018-10-31T20:09:30'
System info: host: 'Prakhars-MacBook-Air.local', ip: '2406:3003:2004:28ef:5c2d:1d2f:a7f3:cdb6%en0', os.name: 'Mac OS X', os.arch: 'x86_64', os.version: '12.3', java.version: '17.0.3'
Driver info: driver.version: AndroidDriver
remote stacktrace: UnknownError: An unknown server-side error occurred while processing the command. Original error: Could not proxy command to the remote server. Original error: socket hang up
    at UIA2Proxy.command (/Applications/Appium Server GUI copy.app/Contents/Resources/app/node_modules/appium/node_modules/appium-base-driver/lib/jsonwp-proxy/proxy.js:274:13)
    at runMicrotasks (<anonymous>)
    at processTicksAndRejections (internal/process/task_queues.js:97:5)
    at AndroidUiautomator2Driver.commands.getDevicePixelRatio (/Applications/Appium Server GUI copy.app/Contents/Resources/app/node_modules/appium/node_modules/appium-uiautomator2-driver/lib/commands/viewport.js:14:10)
    at AndroidUiautomator2Driver.fillDeviceDetails (/Applications/Appium Server GUI copy.app/Contents/Resources/app/node_modules/appium/node_modules/appium-uiautomator2-driver/lib/driver.js:244:28)
    at AndroidUiautomator2Driver.createSession (/Applications/Appium Server GUI copy.app/Contents/Resources/app/node_modules/appium/node_modules/appium-uiautomator2-driver/lib/driver.js:230:7)
    at AppiumDriver.createSession (/Applications/Appium Server GUI copy.app/Contents/Resources/app/node_modules/appium/lib/appium.js:387:35)
Build info: version: '3.141.0', revision: '2ecb7d9a', time: '2018-10-31T20:09:30'
System info: host: 'Prakhars-MacBook-Air.local', ip: '2406:3003:2004:28ef:5c2d:1d2f:a7f3:cdb6%en0', os.name: 'Mac OS X', os.arch: 'x86_64', os.version: '12.3', java.version: '17.0.3'
Driver info: driver.version: AndroidDriver]]>
            </message>
            <full-stacktrace>
              <![CDATA[org.openqa.selenium.SessionNotCreatedException: Unable to create a new remote session. Please check the server log for more details. Original error: An unknown server-side error occurred while processing the command. Original error: Could not proxy command to the remote server. Original error: socket hang up
Build info: version: '3.141.0', revision: '2ecb7d9a', time: '2018-10-31T20:09:30'
System info: host: 'Prakhars-MacBook-Air.local', ip: '2406:3003:2004:28ef:5c2d:1d2f:a7f3:cdb6%en0', os.name: 'Mac OS X', os.arch: 'x86_64', os.version: '12.3', java.version: '17.0.3'
Driver info: driver.version: AndroidDriver
remote stacktrace: UnknownError: An unknown server-side error occurred while processing the command. Original error: Could not proxy command to the remote server. Original error: socket hang up
    at UIA2Proxy.command (/Applications/Appium Server GUI copy.app/Contents/Resources/app/node_modules/appium/node_modules/appium-base-driver/lib/jsonwp-proxy/proxy.js:274:13)
    at runMicrotasks (<anonymous>)
    at processTicksAndRejections (internal/process/task_queues.js:97:5)
    at AndroidUiautomator2Driver.commands.getDevicePixelRatio (/Applications/Appium Server GUI copy.app/Contents/Resources/app/node_modules/appium/node_modules/appium-uiautomator2-driver/lib/commands/viewport.js:14:10)
    at AndroidUiautomator2Driver.fillDeviceDetails (/Applications/Appium Server GUI copy.app/Contents/Resources/app/node_modules/appium/node_modules/appium-uiautomator2-driver/lib/driver.js:244:28)
    at AndroidUiautomator2Driver.createSession (/Applications/Appium Server GUI copy.app/Contents/Resources/app/node_modules/appium/node_modules/appium-uiautomator2-driver/lib/driver.js:230:7)
    at AppiumDriver.createSession (/Applications/Appium Server GUI copy.app/Contents/Resources/app/node_modules/appium/lib/appium.js:387:35)
Build info: version: '3.141.0', revision: '2ecb7d9a', time: '2018-10-31T20:09:30'
System info: host: 'Prakhars-MacBook-Air.local', ip: '2406:3003:2004:28ef:5c2d:1d2f:a7f3:cdb6%en0', os.name: 'Mac OS X', os.arch: 'x86_64', os.version: '12.3', java.version: '17.0.3'
Driver info: driver.version: AndroidDriver
at io.appium.java_client.remote.AppiumCommandExecutor$1.createSession(AppiumCommandExecutor.java:208)
at io.appium.java_client.remote.AppiumCommandExecutor.createSession(AppiumCommandExecutor.java:217)
at io.appium.java_client.remote.AppiumCommandExecutor.execute(AppiumCommandExecutor.java:239)
at org.openqa.selenium.remote.RemoteWebDriver.execute(RemoteWebDriver.java:552)
at io.appium.java_client.DefaultGenericMobileDriver.execute(DefaultGenericMobileDriver.java:41)
at io.appium.java_client.AppiumDriver.execute(AppiumDriver.java:1)
at io.appium.java_client.android.AndroidDriver.execute(AndroidDriver.java:1)
at org.openqa.selenium.remote.RemoteWebDriver.startSession(RemoteWebDriver.java:213)
at io.appium.java_client.AppiumDriver.startSession(AppiumDriver.java:336)
at org.openqa.selenium.remote.RemoteWebDriver.<init>(RemoteWebDriver.java:131)
at io.appium.java_client.DefaultGenericMobileDriver.<init>(DefaultGenericMobileDriver.java:37)
at io.appium.java_client.AppiumDriver.<init>(AppiumDriver.java:88)
at io.appium.java_client.AppiumDriver.<init>(AppiumDriver.java:98)
at io.appium.java_client.android.AndroidDriver.<init>(AndroidDriver.java:94)
at AppiumProject.Selenium.AppTest2.setUp(AppTest2.java:38)
at java.base/jdk.internal.reflect.NativeMethodAccessorImpl.invoke0(Native Method)
at java.base/jdk.internal.reflect.NativeMethodAccessorImpl.invoke(NativeMethodAccessorImpl.java:77)
at java.base/jdk.internal.reflect.DelegatingMethodAccessorImpl.invoke(DelegatingMethodAccessorImpl.java:43)
at java.base/java.lang.reflect.Method.invoke(Method.java:568)
at org.testng.internal.MethodInvocationHelper.invokeMethod(MethodInvocationHelper.java:133)
at org.testng.internal.MethodInvocationHelper.invokeMethodConsideringTimeout(MethodInvocationHelper.java:62)
at org.testng.internal.ConfigInvoker.invokeConfigurationMethod(ConfigInvoker.java:340)
at org.testng.internal.ConfigInvoker.invokeConfigurations(ConfigInvoker.java:294)
at org.testng.internal.TestMethodWorker.invokeBeforeClassMethods(TestMethodWorker.java:176)
at org.testng.internal.TestMethodWorker.run(TestMethodWorker.java:122)
at java.base/java.util.ArrayList.forEach(ArrayList.java:1511)
at org.testng.TestRunner.privateRun(TestRunner.java:770)
at org.testng.TestRunner.run(TestRunner.java:591)
at org.testng.SuiteRunner.runTest(SuiteRunner.java:402)
at org.testng.SuiteRunner.runSequentially(SuiteRunner.java:396)
at org.testng.SuiteRunner.privateRun(SuiteRunner.java:355)
at org.testng.SuiteRunner.run(SuiteRunner.java:304)
at org.testng.SuiteRunnerWorker.runSuite(SuiteRunnerWorker.java:53)
at org.testng.SuiteRunnerWorker.run(SuiteRunnerWorker.java:96)
at org.testng.TestNG.runSuitesSequentially(TestNG.java:1180)
at org.testng.TestNG.runSuitesLocally(TestNG.java:1102)
at org.testng.TestNG.runSuites(TestNG.java:1032)
at org.testng.TestNG.run(TestNG.java:1000)
at org.testng.remote.AbstractRemoteTestNG.run(AbstractRemoteTestNG.java:115)
at org.testng.remote.RemoteTestNG.initAndRun(RemoteTestNG.java:251)
at org.testng.remote.RemoteTestNG.main(RemoteTestNG.java:77)
Caused by: java.lang.reflect.InvocationTargetException
at java.base/jdk.internal.reflect.NativeMethodAccessorImpl.invoke0(Native Method)
at java.base/jdk.internal.reflect.NativeMethodAccessorImpl.invoke(NativeMethodAccessorImpl.java:77)
at java.base/jdk.internal.reflect.DelegatingMethodAccessorImpl.invoke(DelegatingMethodAccessorImpl.java:43)
at java.base/java.lang.reflect.Method.invoke(Method.java:568)
at io.appium.java_client.remote.AppiumCommandExecutor$1.createSession(AppiumCommandExecutor.java:186)
... 40 more
Caused by: org.openqa.selenium.WebDriverException: An unknown server-side error occurred while processing the command. Original error: Could not proxy command to the remote server. Original error: socket hang up
Build info: version: '3.141.0', revision: '2ecb7d9a', time: '2018-10-31T20:09:30'
System info: host: 'Prakhars-MacBook-Air.local', ip: '2406:3003:2004:28ef:5c2d:1d2f:a7f3:cdb6%en0', os.name: 'Mac OS X', os.arch: 'x86_64', os.version: '12.3', java.version: '17.0.3'
Driver info: driver.version: AndroidDriver
remote stacktrace: UnknownError: An unknown server-side error occurred while processing the command. Original error: Could not proxy command to the remote server. Original error: socket hang up
    at UIA2Proxy.command (/Applications/Appium Server GUI copy.app/Contents/Resources/app/node_modules/appium/node_modules/appium-base-driver/lib/jsonwp-proxy/proxy.js:274:13)
    at runMicrotasks (<anonymous>)
    at processTicksAndRejections (internal/process/task_queues.js:97:5)
    at AndroidUiautomator2Driver.commands.getDevicePixelRatio (/Applications/Appium Server GUI copy.app/Contents/Resources/app/node_modules/appium/node_modules/appium-uiautomator2-driver/lib/commands/viewport.js:14:10)
    at AndroidUiautomator2Driver.fillDeviceDetails (/Applications/Appium Server GUI copy.app/Contents/Resources/app/node_modules/appium/node_modules/appium-uiautomator2-driver/lib/driver.js:244:28)
    at AndroidUiautomator2Driver.createSession (/Applications/Appium Server GUI copy.app/Contents/Resources/app/node_modules/appium/node_modules/appium-uiautomator2-driver/lib/driver.js:230:7)
    at AppiumDriver.createSession (/Applications/Appium Server GUI copy.app/Contents/Resources/app/node_modules/appium/lib/appium.js:387:35)
at java.base/jdk.internal.reflect.NativeConstructorAccessorImpl.newInstance0(Native Method)
at java.base/jdk.internal.reflect.NativeConstructorAccessorImpl.newInstance(NativeConstructorAccessorImpl.java:77)
at java.base/jdk.internal.reflect.DelegatingConstructorAccessorImpl.newInstance(DelegatingConstructorAccessorImpl.java:45)
at java.base/java.lang.reflect.Constructor.newInstanceWithCaller(Constructor.java:499)
at java.base/java.lang.reflect.Constructor.newInstance(Constructor.java:480)
at org.openqa.selenium.remote.W3CHandshakeResponse.lambda$errorHandler$0(W3CHandshakeResponse.java:62)
at org.openqa.selenium.remote.HandshakeResponse.lambda$getResponseFunction$0(HandshakeResponse.java:30)
at org.openqa.selenium.remote.ProtocolHandshake.lambda$createSession$0(ProtocolHandshake.java:123)
at java.base/java.util.stream.ReferencePipeline$3$1.accept(ReferencePipeline.java:197)
at java.base/java.util.Spliterators$ArraySpliterator.tryAdvance(Spliterators.java:1002)
at java.base/java.util.stream.ReferencePipeline.forEachWithCancel(ReferencePipeline.java:129)
at java.base/java.util.stream.AbstractPipeline.copyIntoWithCancel(AbstractPipeline.java:527)
at java.base/java.util.stream.AbstractPipeline.copyInto(AbstractPipeline.java:513)
at java.base/java.util.stream.AbstractPipeline.wrapAndCopyInto(AbstractPipeline.java:499)
at java.base/java.util.stream.FindOps$FindOp.evaluateSequential(FindOps.java:150)
at java.base/java.util.stream.AbstractPipeline.evaluate(AbstractPipeline.java:234)
at java.base/java.util.stream.ReferencePipeline.findFirst(ReferencePipeline.java:647)
at org.openqa.selenium.remote.ProtocolHandshake.createSession(ProtocolHandshake.java:125)
... 45 more
]]>
            </full-stacktrace>
          </exception> <!-- org.openqa.selenium.SessionNotCreatedException -->
          <reporter-output>
          </reporter-output>
        </test-method> <!-- test -->
        <test-method is-config="true" signature="tearDown()[pri:0, instance:AppiumProject.Selenium.AppTest2@7671cb68]" started-at="2023-02-01T20:14:23 SGT" name="tearDown" finished-at="1970-01-01T07:30:00 SGT" duration-ms="-1675253663684" status="SKIP">
          <reporter-output>
          </reporter-output>
        </test-method> <!-- tearDown -->
        <test-method is-config="true" signature="tearDown()[pri:0, instance:AppiumProject.Selenium.AppTest2@7671cb68]" started-at="2023-02-01T20:14:23 SGT" name="tearDown" finished-at="1970-01-01T07:30:00 SGT" duration-ms="-1675253663694" status="SKIP">
          <reporter-output>
          </reporter-output>
        </test-method> <!-- tearDown -->
      </class> <!-- AppiumProject.Selenium.AppTest2 -->
    </test> <!-- Default test -->
  </suite> <!-- Default suite -->
</testng-results>
